
ROM used:   3299/8192 (40%)
            3316/8192 (40%) including unused fragments

            1.1 Average locations per line
            5.1 Average locations per statement

RAM used:   105/368 (29%) at main() level
            157/368 (43%) worst case

Stack used: 8 worst case (6 in main + 2 for interrupts)
Stack size: 8

Lines Stmts  %   Files
----- ----- ---  -----
  194    80  12  PID.c
  671     0   0  ..\..\..\..\..\..\Program Files (x86)\PICC\Devices\16F877A.h
 1351   359  55  ..\..\..\..\..\..\Program Files (x86)\PICC\Drivers\stdlib.h
   32     0   0  ..\..\..\..\..\..\Program Files (x86)\PICC\Drivers\stddef.h
  423   125  19  ..\..\..\..\..\..\Program Files (x86)\PICC\Drivers\string.h
   28     0   0  ..\..\..\..\..\..\Program Files (x86)\PICC\Drivers\ctype.h
  197    54   8  LCD_I2C.c
  120    35   5  sensor_temperatura.c
----- -----
 3016   653 Total

Page ROM  %  RAM   Vol Diff  Functions:
---- --- --- ---   --- ----  ----------
0     20   1    1             @delay_ms1
0     17   1    1             @delay_us1
0     23   1    2             @PUTCHAR_BIU_1
0     74   2    1             @I2C_WRITE_1
0    119   4   13             @MULFF
0     31   1    2             @ITOF
0    326  10   16             @ADDFF
0    204   6   14             @DIVFF
0    326  10   19  1542 12.4  strtof
0     62   2    2    94  2.0  expanderWrite
 Inline         2   114  2.6  pulseEnable
0     31   1    1    45  1.3  write4bits
0     25   1    5   200  4.8  send
0      7   0    1    39  1.5  command
 Inline         1    53  1.9  write
 Inline         1    43  1.8  display
0     11   0    0    32  1.0  clear
0     11   0    0    32  1.0  home
1     41   1    5   169  4.8  setCursor
0     23   1    3             @DIV88
0     34   1    4   108  3.0  printstr
0     15   0    1             @SPRINTF
0     37   1   20    89  2.0  printfloat
0     33   1    5             @FTOSD
0     81   2   13             @DIV3232
1    235   7   13             @PRINTF_L32D_944FPFPF
 Inline         4   699  3.6  initializeLCD
0     27   1    1    86  1.3  onewire_reset
0     44   1    2   272  4.3  onewire_write
0     43   1    2   284  4.6  onewire_read
0    131   4   13   449  4.2  ds1820_read
 Inline         2             @SITOF
0     49   1    1   307  4.2  RTCC_isr
0     55   2    0   129  3.4  EXT_isr
0     65   2   10             @FLT
0     35   1    3   277  4.8  RDA_isr
0      9   0    0   108  1.7  resetTimes
1    759  23    4  1460  7.8  MAIN
1    233   7   13             @PRINTF_L32D_622FPFPF
 Inline         0             @cinit1

Program metrics:
    Functions               23
    Statements              653
    Comments                1000
    Volume (V)              11256
    Difficulty (D)          79.1
    Effort to implement (E) 890651
    Time to implement (T)   13 hours, 45 minutes
    Est Delivered Bugs (B)  3
    Cyclomatic Complexity   31
    Maintainability (MI)    49

 Segment     Used  Free
-----------  ----  ----
00000-00003     4  0  
00004-0003E    59  0  
0003F-007FF  1968  17  
00800-00FFF  1268  780  
01000-017FF     0  2048  
01800-01FFF     0  2048  



